[2024-04-23 18:25:56] [INFO]: I18nUpdate Mod 3.5.3 is loaded in 1.20.1 with Forge
[2024-04-23 18:25:56] [DEBUG]: Minecraft path: F:\Minecraft\Minecraft\.minecraft\versions\1.20.1 nnn
[2024-04-23 18:25:56] [DEBUG]: User home: C:\Users\myste
[2024-04-23 18:25:56] [DEBUG]: C:\Users\myste\.i18nupdatemod\1.20\Minecraft-Mod-Language-Modpack-1-20.zip md5: CEBCDFF4A5D2378387EF3B8184208CA7, remote md5: F2E63CA9AE3A3FD98179584EEB03B88B
[2024-04-23 18:25:56] [INFO]: Downloading: http://downloader1.meitangdehulu.com:22943/Minecraft-Mod-Language-Modpack-1-20.zip -> C:\Users\myste\.i18nupdatemod\1.20\Minecraft-Mod-Language-Modpack-1-20.zip.tmp
[2024-04-23 18:25:57] [DEBUG]: Downloaded: http://downloader1.meitangdehulu.com:22943/Minecraft-Mod-Language-Modpack-1-20.zip -> C:\Users\myste\.i18nupdatemod\1.20\Minecraft-Mod-Language-Modpack-1-20.zip.tmp
[2024-04-23 18:25:57] [DEBUG]: C:\Users\myste\.i18nupdatemod\1.20\Minecraft-Mod-Language-Modpack-1-20.zip.tmp md5: F2E63CA9AE3A3FD98179584EEB03B88B, remote md5: F2E63CA9AE3A3FD98179584EEB03B88B
[2024-04-23 18:25:57] [DEBUG]: Updates temp file: C:\Users\myste\.i18nupdatemod\1.20\Minecraft-Mod-Language-Modpack-1-20.zip
[2024-04-23 18:25:57] [DEBUG]: C:\Users\myste\.i18nupdatemod\1.19\Minecraft-Mod-Language-Modpack-1-19.zip md5: A12A637B9A62C03B138BF84D9D45D7C6, remote md5: F3A1A7B85E071E49B42E20223A89F6D2
[2024-04-23 18:25:57] [INFO]: Downloading: http://downloader1.meitangdehulu.com:22943/Minecraft-Mod-Language-Modpack-1-19.zip -> C:\Users\myste\.i18nupdatemod\1.19\Minecraft-Mod-Language-Modpack-1-19.zip.tmp
[2024-04-23 18:25:57] [DEBUG]: Downloaded: http://downloader1.meitangdehulu.com:22943/Minecraft-Mod-Language-Modpack-1-19.zip -> C:\Users\myste\.i18nupdatemod\1.19\Minecraft-Mod-Language-Modpack-1-19.zip.tmp
[2024-04-23 18:25:57] [DEBUG]: C:\Users\myste\.i18nupdatemod\1.19\Minecraft-Mod-Language-Modpack-1-19.zip.tmp md5: F3A1A7B85E071E49B42E20223A89F6D2, remote md5: F3A1A7B85E071E49B42E20223A89F6D2
[2024-04-23 18:25:57] [DEBUG]: Updates temp file: C:\Users\myste\.i18nupdatemod\1.19\Minecraft-Mod-Language-Modpack-1-19.zip
[2024-04-23 18:25:57] [DEBUG]: C:\Users\myste\.i18nupdatemod\1.18\Minecraft-Mod-Language-Modpack-1-18.zip md5: FEA8F154EBF570D2428C6ED33861B0C6, remote md5: 63509586E8BAC14ED43F7B95A5562AC0
[2024-04-23 18:25:57] [INFO]: Downloading: http://downloader1.meitangdehulu.com:22943/Minecraft-Mod-Language-Modpack-1-18.zip -> C:\Users\myste\.i18nupdatemod\1.18\Minecraft-Mod-Language-Modpack-1-18.zip.tmp
[2024-04-23 18:25:58] [DEBUG]: Downloaded: http://downloader1.meitangdehulu.com:22943/Minecraft-Mod-Language-Modpack-1-18.zip -> C:\Users\myste\.i18nupdatemod\1.18\Minecraft-Mod-Language-Modpack-1-18.zip.tmp
[2024-04-23 18:25:58] [DEBUG]: C:\Users\myste\.i18nupdatemod\1.18\Minecraft-Mod-Language-Modpack-1-18.zip.tmp md5: 63509586E8BAC14ED43F7B95A5562AC0, remote md5: 63509586E8BAC14ED43F7B95A5562AC0
[2024-04-23 18:25:58] [DEBUG]: Updates temp file: C:\Users\myste\.i18nupdatemod\1.18\Minecraft-Mod-Language-Modpack-1-18.zip
[2024-04-23 18:25:58] [INFO]: Converting: C:\Users\myste\.i18nupdatemod\1.20\Minecraft-Mod-Language-Modpack-1-20.zip
[2024-04-23 18:25:58] [INFO]: Converting: C:\Users\myste\.i18nupdatemod\1.19\Minecraft-Mod-Language-Modpack-1-19.zip
[2024-04-23 18:25:58] [INFO]: Converting: C:\Users\myste\.i18nupdatemod\1.18\Minecraft-Mod-Language-Modpack-1-18.zip
[2024-04-23 18:25:59] [INFO]: Converted: [C:\Users\myste\.i18nupdatemod\1.20\Minecraft-Mod-Language-Modpack-1-20.zip, C:\Users\myste\.i18nupdatemod\1.19\Minecraft-Mod-Language-Modpack-1-19.zip, C:\Users\myste\.i18nupdatemod\1.18\Minecraft-Mod-Language-Modpack-1-18.zip] -> C:\Users\myste\.i18nupdatemod\1.20.1\Minecraft-Mod-Language-Modpack-Converted-1.20.1.zip
[2024-04-23 18:25:59] [INFO]: Synchronized: C:\Users\myste\.i18nupdatemod\1.20.1\Minecraft-Mod-Language-Modpack-Converted-1.20.1.zip -> F:\Minecraft\Minecraft\.minecraft\versions\1.20.1 nnn\resourcepacks\Minecraft-Mod-Language-Modpack-Converted-1.20.1.zip
[2024-04-23 18:25:59] [INFO]: Resource Packs: ["file/Minecraft-Mod-Language-Modpack-Converted-1.20.1.zip"]
